2025/03/25 12:21:03 ############
2025/03/25 12:21:03 # /test.sh #
2025/03/25 12:21:03 ############
Tor version 0.4.6.10.
Tor is running on Linux with Libevent 2.1.12-stable, OpenSSL 3.0.2, Zlib 1.2.11, Liblzma 5.2.5, Libzstd 1.4.8 and Glibc 2.35 as libc.
Tor compiled with GCC version 11.2.0
2025/03/25 12:21:03 [PASS] Tor present
2025/03/25 12:21:03 Current torrc:
# Enable Control Port for https://gitweb.torproject.org/torspec.git/tree/control-spec.txt
ControlPort 9051

# Using Bridges, obsf4
UseBridges 1
ClientTransportPlugin drivel exec /usr/bin/lyrebird --enableLogging --logLevel INFO
ClientTransportPlugin obfs4 exec /usr/bin/lyrebird --enableLogging --logLevel INFO

# Added by test.sh script: HashedControlPassword $torpass
# Added by test.sh script: Bridge info
Bridge obfs4 172.16.113.5:28483 80D130BA9400ACED55C79418ACBADA0837201FC4 cert=q4U9Rz63SaTGxsmk1Ppb5/VOM1D80Pw5zI8Go1jTiJ4bPWhLaLmHo+vMjO3Scr4daPQEAw iat-mode=0
HashedControlPassword 16:D3973796D9AE8F2E60DE7DE000760D25594A300B92BBBB9130C4F03A78
2025/03/25 12:21:03 [PASS] Tor service started
2025/03/25 12:21:03 Waiting 10s
2025/03/25 12:21:13 Continuing...
2025/03/25 12:21:13 [PASS] Tor info about circuit-status looks good
2025/03/25 12:21:13 [PASS] Tor info about orconn-status looks good
2025/03/25 12:21:13 [PASS] Tor info about entry-guards looks good
2025/03/25 12:21:13 using 4.myip.is at 89.36.33.33
2025/03/25 12:21:14 Regular IP: {"ip":"31.10.128.188","host":"31-10-128-188.cgn.dynamic.upc.ch","timestamp":1742905277}
2025/03/25 12:21:14 Torify IP: {"ip":"185.220.100.252","host":"tor-exit-1.zbau.f3netze.de","timestamp":1742905277}
2025/03/25 12:21:14 [PASS] Received a new IP
