2025/03/25 12:23:08 ############
2025/03/25 12:23:08 # /test.sh #
2025/03/25 12:23:08 ############
Tor version 0.4.6.10.
Tor is running on Linux with Libevent 2.1.12-stable, OpenSSL 3.0.2, Zlib 1.2.11, Liblzma 5.2.5, Libzstd 1.4.8 and Glibc 2.35 as libc.
Tor compiled with GCC version 11.2.0
2025/03/25 12:23:08 [PASS] Tor present
2025/03/25 12:23:08 Current torrc:
# Enable Control Port for https://gitweb.torproject.org/torspec.git/tree/control-spec.txt
ControlPort 9051

# Using Bridges, obsf4
UseBridges 1
ClientTransportPlugin drivel exec /usr/bin/lyrebird --enableLogging --logLevel INFO
ClientTransportPlugin obfs4 exec /usr/bin/lyrebird --enableLogging --logLevel INFO

# Added by test.sh script: HashedControlPassword $torpass
# Added by test.sh script: Bridge info
Bridge drivel 172.16.113.5:28483 80D130BA9400ACED55C79418ACBADA0837201FC4 cert=lZm+gRTGiscfdZ8O9yeO/xqIhW1D2GTk7+0r8lJSYrzLUJFwubhJ2pFUlEmvTloJdttpdA== iat-mode=0
HashedControlPassword 16:F53CCF927D61F442604191A5BBDCA37038F2D7F70D712F8EA4FF3DBA39
2025/03/25 12:23:08 [PASS] Tor service started
2025/03/25 12:23:08 Waiting 10s
2025/03/25 12:23:18 Continuing...
2025/03/25 12:23:18 [PASS] Tor info about circuit-status looks good
2025/03/25 12:23:18 [PASS] Tor info about orconn-status looks good
2025/03/25 12:23:18 [PASS] Tor info about entry-guards looks good
2025/03/25 12:23:18 using 4.myip.is at 89.36.33.33
2025/03/25 12:23:19 Regular IP: {"ip":"31.10.128.188","host":"31-10-128-188.cgn.dynamic.upc.ch","timestamp":1742905402}
2025/03/25 12:23:20 Torify IP: {"ip":"185.40.4.64","host":"185.40.4.64","timestamp":1742905403}
2025/03/25 12:23:20 [PASS] Received a new IP
